app/build/intermediates/manifest_merge_blame_file/release/manifest-merger-blame-release-report.txt
1<?xml version="1.0" encoding="utf-8"?>
2<manifest xmlns:android="http://schemas.android.com/apk/res/android"
3    package="com.example.ajira"
4    android:versionCode="1"
5    android:versionName="1.0" >
6
7    <uses-sdk
8        android:minSdkVersion="16"
8-->src/main/AndroidManifest.xml
9        android:targetSdkVersion="29" />
9-->src/main/AndroidManifest.xml
10
11    <uses-permission android:name="android.permission.ACCESS_NETWORK_STATE" />
11-->src/main/AndroidManifest.xml:5:5-79
11-->src/main/AndroidManifest.xml:5:22-76
12    <uses-permission android:name="android.permission.INTERNET" />
12-->src/main/AndroidManifest.xml:6:5-67
12-->src/main/AndroidManifest.xml:6:22-64
13
14    <application
14-->src/main/AndroidManifest.xml:8:5-30:19
15        android:allowBackup="true"
15-->src/main/AndroidManifest.xml:9:9-35
16        android:appComponentFactory="androidx.core.app.CoreComponentFactory"
16-->[androidx.core:core:1.3.1] AndroidManifest.xml:24:18-86
17        android:icon="@mipmap/ic_launcher"
17-->src/main/AndroidManifest.xml:10:9-43
18        android:label="@string/app_name"
18-->src/main/AndroidManifest.xml:11:9-41
19        android:roundIcon="@mipmap/ic_launcher_round"
19-->src/main/AndroidManifest.xml:12:9-54
20        android:supportsRtl="true"
20-->src/main/AndroidManifest.xml:13:9-35
21        android:theme="@style/AppTheme" >
21-->src/main/AndroidManifest.xml:14:9-40
22        <activity android:name="com.example.ajira.activities.AdminHome" />
22-->src/main/AndroidManifest.xml:15:9-67
22-->src/main/AndroidManifest.xml:15:19-55
23        <activity android:name="com.example.ajira.activities.LoginActivity" />
23-->src/main/AndroidManifest.xml:16:9-62
23-->src/main/AndroidManifest.xml:16:19-59
24        <activity android:name="com.example.ajira.activities.PostJobActivity" />
24-->src/main/AndroidManifest.xml:17:9-64
24-->src/main/AndroidManifest.xml:17:19-61
25        <activity android:name="com.example.ajira.activities.RecruiterDashBoard" />
25-->src/main/AndroidManifest.xml:18:9-67
25-->src/main/AndroidManifest.xml:18:19-64
26        <activity android:name="com.example.ajira.activities.RegisterActivity" />
26-->src/main/AndroidManifest.xml:19:9-65
26-->src/main/AndroidManifest.xml:19:19-62
27        <activity android:name="com.example.ajira.activities.SearchActivity" />
27-->src/main/AndroidManifest.xml:20:9-63
27-->src/main/AndroidManifest.xml:20:19-60
28        <activity android:name="com.example.ajira.activities.JobDetailsActivity" />
28-->src/main/AndroidManifest.xml:21:9-67
28-->src/main/AndroidManifest.xml:21:19-64
29        <activity android:name="com.example.ajira.activities.DashBoardActivity" />
29-->src/main/AndroidManifest.xml:22:9-66
29-->src/main/AndroidManifest.xml:22:19-63
30        <activity android:name="com.example.ajira.MainActivity" >
30-->src/main/AndroidManifest.xml:23:9-29:20
30-->src/main/AndroidManifest.xml:23:19-47
31            <intent-filter>
31-->src/main/AndroidManifest.xml:24:13-28:29
32                <action android:name="android.intent.action.MAIN" />
32-->src/main/AndroidManifest.xml:25:17-69
32-->src/main/AndroidManifest.xml:25:25-66
33
34                <category android:name="android.intent.category.LAUNCHER" />
34-->src/main/AndroidManifest.xml:27:17-77
34-->src/main/AndroidManifest.xml:27:27-74
35            </intent-filter>
36        </activity>
37
38        <provider
38-->[com.squareup.picasso:picasso:2.71828] AndroidManifest.xml:8:9-11:40
39            android:name="com.squareup.picasso.PicassoProvider"
39-->[com.squareup.picasso:picasso:2.71828] AndroidManifest.xml:9:13-64
40            android:authorities="com.example.ajira.com.squareup.picasso"
40-->[com.squareup.picasso:picasso:2.71828] AndroidManifest.xml:10:13-72
41            android:exported="false" />
41-->[com.squareup.picasso:picasso:2.71828] AndroidManifest.xml:11:13-37
42    </application>
43
44</manifest>